[10.131s] Invoking command in '/home/han/d3_ws/src/auto_move_pkg': PYTHONPATH=/home/han/d3_ws/build/auto_move_pkg/prefix_override:/usr/lib/python3/dist-packages/colcon_core/task/python/colcon_distutils_commands:/home/han/d3_ws/install/auto_move_pkg/lib/python3.10/site-packages:${PYTHONPATH} /usr/bin/python3 -W ignore:setup.py install is deprecated -W ignore:easy_install command is deprecated setup.py egg_info --egg-base ../../build/auto_move_pkg build --build-base /home/han/d3_ws/build/auto_move_pkg/build install --record /home/han/d3_ws/build/auto_move_pkg/install.log --single-version-externally-managed
[13.947s] running egg_info
[13.951s] writing ../../build/auto_move_pkg/auto_move_pkg.egg-info/PKG-INFO
[13.960s] writing dependency_links to ../../build/auto_move_pkg/auto_move_pkg.egg-info/dependency_links.txt
[13.967s] writing entry points to ../../build/auto_move_pkg/auto_move_pkg.egg-info/entry_points.txt
[13.972s] writing requirements to ../../build/auto_move_pkg/auto_move_pkg.egg-info/requires.txt
[13.974s] writing top-level names to ../../build/auto_move_pkg/auto_move_pkg.egg-info/top_level.txt
[13.999s] reading manifest file '../../build/auto_move_pkg/auto_move_pkg.egg-info/SOURCES.txt'
[14.006s] writing manifest file '../../build/auto_move_pkg/auto_move_pkg.egg-info/SOURCES.txt'
[14.014s] running build
[14.014s] running build_py
[14.014s] running install
[14.021s] running install_lib
[14.038s] running install_egg_info
[14.052s] removing '/home/han/d3_ws/install/auto_move_pkg/lib/python3.10/site-packages/auto_move_pkg-0.1.0-py3.10.egg-info' (and everything under it)
[14.055s] Copying ../../build/auto_move_pkg/auto_move_pkg.egg-info to /home/han/d3_ws/install/auto_move_pkg/lib/python3.10/site-packages/auto_move_pkg-0.1.0-py3.10.egg-info
[14.058s] running install_scripts
[14.238s] Installing auto_move script to /home/han/d3_ws/install/auto_move_pkg/lib/auto_move_pkg
[14.248s] writing list of installed files to '/home/han/d3_ws/build/auto_move_pkg/install.log'
[14.491s] Invoked command in '/home/han/d3_ws/src/auto_move_pkg' returned '0': PYTHONPATH=/home/han/d3_ws/build/auto_move_pkg/prefix_override:/usr/lib/python3/dist-packages/colcon_core/task/python/colcon_distutils_commands:/home/han/d3_ws/install/auto_move_pkg/lib/python3.10/site-packages:${PYTHONPATH} /usr/bin/python3 -W ignore:setup.py install is deprecated -W ignore:easy_install command is deprecated setup.py egg_info --egg-base ../../build/auto_move_pkg build --build-base /home/han/d3_ws/build/auto_move_pkg/build install --record /home/han/d3_ws/build/auto_move_pkg/install.log --single-version-externally-managed
