[0.591s] DEBUG:colcon:Command line arguments: ['/usr/bin/colcon', 'list', '-p', '--base-paths', '/home/han/d3_ws']
[0.591s] DEBUG:colcon:Parsed command line arguments: Namespace(log_base=None, log_level=None, verb_name='list', build_base='build', ignore_user_meta=False, metas=['./colcon.meta'], base_paths=['/home/han/d3_ws'], packages_ignore=None, packages_ignore_regex=None, paths=None, packages_up_to=None, packages_up_to_regex=None, packages_above=None, packages_above_and_dependencies=None, packages_above_depth=None, packages_select_by_dep=None, packages_skip_by_dep=None, packages_skip_up_to=None, packages_select_build_failed=False, packages_skip_build_finished=False, packages_select_test_failures=False, packages_skip_test_passed=False, packages_select=None, packages_skip=None, packages_select_regex=None, packages_skip_regex=None, packages_start=None, packages_end=None, allow_overriding=[], topological_order=False, names_only=False, paths_only=True, topological_graph=False, topological_graph_dot=False, topological_graph_density=False, topological_graph_legend=False, topological_graph_dot_cluster=False, topological_graph_dot_include_skipped=False, verb_parser=<colcon_defaults.argument_parser.defaults.DefaultArgumentsDecorator object at 0x7092e740c340>, verb_extension=<colcon_package_information.verb.list.ListVerb object at 0x7092e769d930>, main=<bound method ListVerb.main of <colcon_package_information.verb.list.ListVerb object at 0x7092e769d930>>)
[1.346s] Level 1:colcon.colcon_core.package_discovery:discover_packages(colcon_meta) check parameters
[1.347s] Level 1:colcon.colcon_core.package_discovery:discover_packages(recursive) check parameters
[1.347s] Level 1:colcon.colcon_core.package_discovery:discover_packages(ignore) check parameters
[1.348s] Level 1:colcon.colcon_core.package_discovery:discover_packages(path) check parameters
[1.348s] Level 1:colcon.colcon_core.package_discovery:discover_packages(recursive) discover
[1.348s] INFO:colcon.colcon_core.package_discovery:Crawling recursively for packages in '/home/han/d3_ws'
[1.348s] Level 1:colcon.colcon_core.package_identification:_identify(/home/han/d3_ws) by extensions ['ignore', 'ignore_ament_install']
[1.349s] Level 1:colcon.colcon_core.package_identification:_identify(/home/han/d3_ws) by extension 'ignore'
[1.349s] Level 1:colcon.colcon_core.package_identification:_identify(/home/han/d3_ws) by extension 'ignore_ament_install'
[1.351s] Level 1:colcon.colcon_core.package_identification:_identify(/home/han/d3_ws) by extensions ['colcon_pkg']
[1.351s] Level 1:colcon.colcon_core.package_identification:_identify(/home/han/d3_ws) by extension 'colcon_pkg'
[1.351s] Level 1:colcon.colcon_core.package_identification:_identify(/home/han/d3_ws) by extensions ['colcon_meta']
[1.351s] Level 1:colcon.colcon_core.package_identification:_identify(/home/han/d3_ws) by extension 'colcon_meta'
[1.351s] Level 1:colcon.colcon_core.package_identification:_identify(/home/han/d3_ws) by extensions ['ros']
[1.351s] Level 1:colcon.colcon_core.package_identification:_identify(/home/han/d3_ws) by extension 'ros'
[1.389s] Level 1:colcon.colcon_core.package_identification:_identify(/home/han/d3_ws) by extensions ['cmake', 'python']
[1.389s] Level 1:colcon.colcon_core.package_identification:_identify(/home/han/d3_ws) by extension 'cmake'
[1.389s] Level 1:colcon.colcon_core.package_identification:_identify(/home/han/d3_ws) by extension 'python'
[1.389s] Level 1:colcon.colcon_core.package_identification:_identify(/home/han/d3_ws) by extensions ['python_setup_py']
[1.389s] Level 1:colcon.colcon_core.package_identification:_identify(/home/han/d3_ws) by extension 'python_setup_py'
[1.390s] Level 1:colcon.colcon_core.package_identification:_identify(/home/han/d3_ws/build) by extensions ['ignore', 'ignore_ament_install']
[1.390s] Level 1:colcon.colcon_core.package_identification:_identify(/home/han/d3_ws/build) by extension 'ignore'
[1.390s] Level 1:colcon.colcon_core.package_identification:_identify(/home/han/d3_ws/build) ignored
[1.390s] Level 1:colcon.colcon_core.package_identification:_identify(/home/han/d3_ws/install) by extensions ['ignore', 'ignore_ament_install']
[1.391s] Level 1:colcon.colcon_core.package_identification:_identify(/home/han/d3_ws/install) by extension 'ignore'
[1.391s] Level 1:colcon.colcon_core.package_identification:_identify(/home/han/d3_ws/install) ignored
[1.391s] Level 1:colcon.colcon_core.package_identification:_identify(/home/han/d3_ws/log) by extensions ['ignore', 'ignore_ament_install']
[1.392s] Level 1:colcon.colcon_core.package_identification:_identify(/home/han/d3_ws/log) by extension 'ignore'
[1.392s] Level 1:colcon.colcon_core.package_identification:_identify(/home/han/d3_ws/log) ignored
[1.392s] Level 1:colcon.colcon_core.package_identification:_identify(/home/han/d3_ws/src) by extensions ['ignore', 'ignore_ament_install']
[1.392s] Level 1:colcon.colcon_core.package_identification:_identify(/home/han/d3_ws/src) by extension 'ignore'
[1.393s] Level 1:colcon.colcon_core.package_identification:_identify(/home/han/d3_ws/src) by extension 'ignore_ament_install'
[1.393s] Level 1:colcon.colcon_core.package_identification:_identify(/home/han/d3_ws/src) by extensions ['colcon_pkg']
[1.393s] Level 1:colcon.colcon_core.package_identification:_identify(/home/han/d3_ws/src) by extension 'colcon_pkg'
[1.393s] Level 1:colcon.colcon_core.package_identification:_identify(/home/han/d3_ws/src) by extensions ['colcon_meta']
[1.393s] Level 1:colcon.colcon_core.package_identification:_identify(/home/han/d3_ws/src) by extension 'colcon_meta'
[1.393s] Level 1:colcon.colcon_core.package_identification:_identify(/home/han/d3_ws/src) by extensions ['ros']
[1.394s] Level 1:colcon.colcon_core.package_identification:_identify(/home/han/d3_ws/src) by extension 'ros'
[1.394s] Level 1:colcon.colcon_core.package_identification:_identify(/home/han/d3_ws/src) by extensions ['cmake', 'python']
[1.394s] Level 1:colcon.colcon_core.package_identification:_identify(/home/han/d3_ws/src) by extension 'cmake'
[1.394s] Level 1:colcon.colcon_core.package_identification:_identify(/home/han/d3_ws/src) by extension 'python'
[1.394s] Level 1:colcon.colcon_core.package_identification:_identify(/home/han/d3_ws/src) by extensions ['python_setup_py']
[1.394s] Level 1:colcon.colcon_core.package_identification:_identify(/home/han/d3_ws/src) by extension 'python_setup_py'
[1.395s] Level 1:colcon.colcon_core.package_identification:_identify(/home/han/d3_ws/src/auto_move_pkg) by extensions ['ignore', 'ignore_ament_install']
[1.395s] Level 1:colcon.colcon_core.package_identification:_identify(/home/han/d3_ws/src/auto_move_pkg) by extension 'ignore'
[1.395s] Level 1:colcon.colcon_core.package_identification:_identify(/home/han/d3_ws/src/auto_move_pkg) by extension 'ignore_ament_install'
[1.395s] Level 1:colcon.colcon_core.package_identification:_identify(/home/han/d3_ws/src/auto_move_pkg) by extensions ['colcon_pkg']
[1.396s] Level 1:colcon.colcon_core.package_identification:_identify(/home/han/d3_ws/src/auto_move_pkg) by extension 'colcon_pkg'
[1.396s] Level 1:colcon.colcon_core.package_identification:_identify(/home/han/d3_ws/src/auto_move_pkg) by extensions ['colcon_meta']
[1.396s] Level 1:colcon.colcon_core.package_identification:_identify(/home/han/d3_ws/src/auto_move_pkg) by extension 'colcon_meta'
[1.396s] Level 1:colcon.colcon_core.package_identification:_identify(/home/han/d3_ws/src/auto_move_pkg) by extensions ['ros']
[1.396s] Level 1:colcon.colcon_core.package_identification:_identify(/home/han/d3_ws/src/auto_move_pkg) by extension 'ros'
[1.406s] DEBUG:colcon.colcon_core.package_identification:Package '/home/han/d3_ws/src/auto_move_pkg' with type 'ros.ament_python' and name 'auto_move_pkg'
[1.406s] Level 1:colcon.colcon_core.package_discovery:discover_packages(recursive) using defaults
